2019-02-06 19:59:44 [scrapy.utils.log] INFO: Scrapy 1.5.0 started (bot: meinr)
2019-02-06 19:59:44 [scrapy.utils.log] INFO: Versions: lxml 4.1.1.0, libxml2 2.9.5, cssselect 1.0.3, parsel 1.3.1, w3lib 1.18.0, Twisted 18.9.0, Python 3.6.0 (v3.6.0:41df79263a11, Dec 23 2016, 08:06:12) [MSC v.1900 64 bit (AMD64)], pyOpenSSL 17.5.0 (OpenSSL 1.1.0h  27 Mar 2018), cryptography 2.3, Platform Windows-7-6.1.7601-SP1
2019-02-06 19:59:44 [scrapy.crawler] INFO: Overridden settings: {'BOT_NAME': 'meinr', 'DOWNLOAD_DELAY': 1, 'LOG_FILE': 'logs\\2019_02_19_59_44_meinr.log', 'LOG_LEVEL': 'INFO', 'NEWSPIDER_MODULE': 'meinr.spiders', 'SPIDER_MODULES': ['meinr.spiders']}
2019-02-06 19:59:44 [scrapy.middleware] INFO: Enabled extensions:
['scrapy.extensions.corestats.CoreStats',
 'scrapy.extensions.telnet.TelnetConsole',
 'scrapy.extensions.logstats.LogStats']
2019-02-06 19:59:44 [py.warnings] WARNING: D:\spider_git\meinr\meinr\middlewares.py:10: ScrapyDeprecationWarning: Module `scrapy.contrib.downloadermiddleware.useragent` is deprecated, use `scrapy.downloadermiddlewares.useragent` instead
  from scrapy.contrib.downloadermiddleware.useragent import UserAgentMiddleware

2019-02-06 19:59:44 [scrapy.middleware] INFO: Enabled downloader middlewares:
['scrapy.downloadermiddlewares.httpauth.HttpAuthMiddleware',
 'meinr.middlewares.UserAgentMiddleware',
 'scrapy.downloadermiddlewares.downloadtimeout.DownloadTimeoutMiddleware',
 'scrapy.downloadermiddlewares.defaultheaders.DefaultHeadersMiddleware',
 'scrapy.downloadermiddlewares.useragent.UserAgentMiddleware',
 'meinr.middlewares.MeinrDownloaderMiddleware',
 'scrapy.downloadermiddlewares.retry.RetryMiddleware',
 'scrapy.downloadermiddlewares.redirect.MetaRefreshMiddleware',
 'scrapy.downloadermiddlewares.httpcompression.HttpCompressionMiddleware',
 'scrapy.downloadermiddlewares.redirect.RedirectMiddleware',
 'scrapy.downloadermiddlewares.cookies.CookiesMiddleware',
 'scrapy.downloadermiddlewares.httpproxy.HttpProxyMiddleware',
 'scrapy.downloadermiddlewares.stats.DownloaderStats']
2019-02-06 19:59:44 [scrapy.middleware] INFO: Enabled spider middlewares:
['scrapy.spidermiddlewares.httperror.HttpErrorMiddleware',
 'scrapy.spidermiddlewares.offsite.OffsiteMiddleware',
 'scrapy.spidermiddlewares.referer.RefererMiddleware',
 'scrapy.spidermiddlewares.urllength.UrlLengthMiddleware',
 'scrapy.spidermiddlewares.depth.DepthMiddleware']
2019-02-06 19:59:44 [scrapy.middleware] INFO: Enabled item pipelines:
['meinr.pipelines.MeinrPipeline']
2019-02-06 19:59:44 [scrapy.core.engine] INFO: Spider opened
2019-02-06 19:59:44 [scrapy.extensions.logstats] INFO: Crawled 0 pages (at 0 pages/min), scraped 0 items (at 0 items/min)
2019-02-06 19:59:44 [meinr1] INFO: Spider opened: meinr1
2019-02-06 20:00:48 [scrapy.extensions.logstats] INFO: Crawled 43 pages (at 43 pages/min), scraped 9 items (at 9 items/min)
2019-02-06 20:00:53 [scrapy.spidermiddlewares.httperror] INFO: Ignoring response <404 http://m.tupianzj.com/meinv/20180111/153638_1.html>: HTTP status code is not handled or not allowed
2019-02-06 20:00:58 [scrapy.spidermiddlewares.httperror] INFO: Ignoring response <404 http://m.tupianzj.com/meinv/20170701/131411_1.html>: HTTP status code is not handled or not allowed
2019-02-06 20:01:11 [scrapy.spidermiddlewares.httperror] INFO: Ignoring response <404 http://m.tupianzj.com/meinv/20171130/151860_1.html>: HTTP status code is not handled or not allowed
2019-02-06 20:01:15 [scrapy.spidermiddlewares.httperror] INFO: Ignoring response <404 http://m.tupianzj.com/meinv/20180130/155586_1.html>: HTTP status code is not handled or not allowed
2019-02-06 20:01:17 [scrapy.spidermiddlewares.httperror] INFO: Ignoring response <404 http://m.tupianzj.com/meinv/20180225/156248_1.html>: HTTP status code is not handled or not allowed
2019-02-06 20:01:18 [scrapy.spidermiddlewares.httperror] INFO: Ignoring response <404 http://m.tupianzj.com/meinv/20180331/158742_1.html>: HTTP status code is not handled or not allowed
2019-02-06 20:01:24 [scrapy.spidermiddlewares.httperror] INFO: Ignoring response <404 http://m.tupianzj.com/meinv/20180613/163293_1.html>: HTTP status code is not handled or not allowed
2019-02-06 20:01:33 [scrapy.spidermiddlewares.httperror] INFO: Ignoring response <404 http://m.tupianzj.com/meinv/20180720/165283_1.html>: HTTP status code is not handled or not allowed
2019-02-06 20:01:44 [scrapy.spidermiddlewares.httperror] INFO: Ignoring response <404 http://m.tupianzj.com/meinv/20180102/153205_1.html>: HTTP status code is not handled or not allowed
2019-02-06 20:01:44 [scrapy.extensions.logstats] INFO: Crawled 83 pages (at 40 pages/min), scraped 40 items (at 31 items/min)
2019-02-06 20:01:48 [scrapy.spidermiddlewares.httperror] INFO: Ignoring response <404 http://m.tupianzj.com/meinv/20181129/174807_1.html>: HTTP status code is not handled or not allowed
2019-02-06 20:01:51 [scrapy.spidermiddlewares.httperror] INFO: Ignoring response <404 http://m.tupianzj.com/meinv/20181205/175263_1.html>: HTTP status code is not handled or not allowed
2019-02-06 20:01:56 [scrapy.spidermiddlewares.httperror] INFO: Ignoring response <404 http://m.tupianzj.com/meinv/20181215/176201_1.html>: HTTP status code is not handled or not allowed
2019-02-06 20:02:02 [scrapy.spidermiddlewares.httperror] INFO: Ignoring response <404 http://m.tupianzj.com/meinv/20181220/176807_1.html>: HTTP status code is not handled or not allowed
2019-02-06 20:02:08 [scrapy.spidermiddlewares.httperror] INFO: Ignoring response <404 http://m.tupianzj.com/meinv/20190112/179101_1.html>: HTTP status code is not handled or not allowed
2019-02-06 20:02:10 [scrapy.spidermiddlewares.httperror] INFO: Ignoring response <404 http://m.tupianzj.com/meinv/20190130/180244_1.html>: HTTP status code is not handled or not allowed
2019-02-06 20:02:47 [scrapy.extensions.logstats] INFO: Crawled 125 pages (at 42 pages/min), scraped 58 items (at 18 items/min)
2019-02-06 20:02:48 [scrapy.spidermiddlewares.httperror] INFO: Ignoring response <404 http://m.tupianzj.com/meinv/20171115/151337_1.html>: HTTP status code is not handled or not allowed
2019-02-06 20:03:08 [scrapy.spidermiddlewares.httperror] INFO: Ignoring response <404 http://m.tupianzj.com/meinv/20171130/151841_1.html>: HTTP status code is not handled or not allowed
2019-02-06 20:03:19 [scrapy.spidermiddlewares.httperror] INFO: Ignoring response <404 http://m.tupianzj.com/meinv/20171130/151840_1.html>: HTTP status code is not handled or not allowed
2019-02-06 20:03:23 [scrapy.spidermiddlewares.httperror] INFO: Ignoring response <404 http://m.tupianzj.com/meinv/20171130/151838_1.html>: HTTP status code is not handled or not allowed
2019-02-06 20:03:24 [scrapy.spidermiddlewares.httperror] INFO: Ignoring response <404 http://m.tupianzj.com/meinv/20171129/151762_1.html>: HTTP status code is not handled or not allowed
2019-02-06 20:03:29 [scrapy.spidermiddlewares.httperror] INFO: Ignoring response <404 http://m.tupianzj.com/meinv/20171129/151761_1.html>: HTTP status code is not handled or not allowed
2019-02-06 20:03:38 [scrapy.spidermiddlewares.httperror] INFO: Ignoring response <404 http://m.tupianzj.com/meinv/20171127/151650_1.html>: HTTP status code is not handled or not allowed
2019-02-06 20:03:45 [scrapy.extensions.logstats] INFO: Crawled 165 pages (at 40 pages/min), scraped 92 items (at 34 items/min)
2019-02-06 20:03:47 [scrapy.spidermiddlewares.httperror] INFO: Ignoring response <404 http://m.tupianzj.com/meinv/20171115/151341_1.html>: HTTP status code is not handled or not allowed
2019-02-06 20:04:04 [scrapy.spidermiddlewares.httperror] INFO: Ignoring response <404 http://m.tupianzj.com/meinv/20171115/151336_1.html>: HTTP status code is not handled or not allowed
2019-02-06 20:04:17 [scrapy.spidermiddlewares.httperror] INFO: Ignoring response <404 http://m.tupianzj.com/meinv/20171115/151334_1.html>: HTTP status code is not handled or not allowed
2019-02-06 20:04:17 [scrapy.spidermiddlewares.httperror] INFO: Ignoring response <404 http://m.tupianzj.com/meinv/20170905/145957_1.html>: HTTP status code is not handled or not allowed
2019-02-06 20:04:23 [scrapy.spidermiddlewares.httperror] INFO: Ignoring response <404 http://m.tupianzj.com/meinv/20170905/145955_1.html>: HTTP status code is not handled or not allowed
2019-02-06 20:04:33 [scrapy.spidermiddlewares.httperror] INFO: Ignoring response <404 http://m.tupianzj.com/meinv/20170905/145953_1.html>: HTTP status code is not handled or not allowed
2019-02-06 20:04:42 [scrapy.spidermiddlewares.httperror] INFO: Ignoring response <404 http://m.tupianzj.com/meinv/20170701/131414_1.html>: HTTP status code is not handled or not allowed
2019-02-06 20:04:47 [scrapy.extensions.logstats] INFO: Crawled 198 pages (at 33 pages/min), scraped 118 items (at 26 items/min)
2019-02-06 20:04:55 [scrapy.spidermiddlewares.httperror] INFO: Ignoring response <404 http://m.tupianzj.com/meinv/20170701/131412_1.html>: HTTP status code is not handled or not allowed
2019-02-06 20:05:44 [scrapy.extensions.logstats] INFO: Crawled 233 pages (at 35 pages/min), scraped 135 items (at 17 items/min)
2019-02-06 20:05:50 [scrapy.spidermiddlewares.httperror] INFO: Ignoring response <404 http://m.tupianzj.com/meinv/20180122/154152_1.html>: HTTP status code is not handled or not allowed
2019-02-06 20:05:55 [scrapy.spidermiddlewares.httperror] INFO: Ignoring response <404 http://m.tupianzj.com/meinv/20180119/154064_1.html>: HTTP status code is not handled or not allowed
2019-02-06 20:06:01 [scrapy.spidermiddlewares.httperror] INFO: Ignoring response <404 http://m.tupianzj.com/meinv/20180119/154062_1.html>: HTTP status code is not handled or not allowed
2019-02-06 20:06:04 [scrapy.spidermiddlewares.httperror] INFO: Ignoring response <404 http://m.tupianzj.com/meinv/20180112/153652_1.html>: HTTP status code is not handled or not allowed
2019-02-06 20:06:07 [scrapy.spidermiddlewares.httperror] INFO: Ignoring response <404 http://m.tupianzj.com/meinv/20180102/153207_1.html>: HTTP status code is not handled or not allowed
2019-02-06 20:06:13 [scrapy.spidermiddlewares.httperror] INFO: Ignoring response <404 http://m.tupianzj.com/meinv/20180102/153202_1.html>: HTTP status code is not handled or not allowed
2019-02-06 20:06:17 [scrapy.spidermiddlewares.httperror] INFO: Ignoring response <404 http://m.tupianzj.com/meinv/20171230/153176_1.html>: HTTP status code is not handled or not allowed
2019-02-06 20:06:24 [scrapy.spidermiddlewares.httperror] INFO: Ignoring response <404 http://m.tupianzj.com/meinv/20171230/153175_1.html>: HTTP status code is not handled or not allowed
2019-02-06 20:06:39 [scrapy.spidermiddlewares.httperror] INFO: Ignoring response <404 http://m.tupianzj.com/meinv/20171230/153174_1.html>: HTTP status code is not handled or not allowed
2019-02-06 20:06:46 [scrapy.extensions.logstats] INFO: Crawled 274 pages (at 41 pages/min), scraped 166 items (at 31 items/min)
2019-02-06 20:06:47 [scrapy.spidermiddlewares.httperror] INFO: Ignoring response <404 http://m.tupianzj.com/meinv/20171212/152288_1.html>: HTTP status code is not handled or not allowed
2019-02-06 20:06:56 [scrapy.spidermiddlewares.httperror] INFO: Ignoring response <404 http://m.tupianzj.com/meinv/20171212/152287_1.html>: HTTP status code is not handled or not allowed
2019-02-06 20:07:00 [scrapy.spidermiddlewares.httperror] INFO: Ignoring response <404 http://m.tupianzj.com/meinv/20171212/152285_1.html>: HTTP status code is not handled or not allowed
2019-02-06 20:07:07 [scrapy.spidermiddlewares.httperror] INFO: Ignoring response <404 http://m.tupianzj.com/meinv/20171212/152284_1.html>: HTTP status code is not handled or not allowed
2019-02-06 20:07:11 [scrapy.spidermiddlewares.httperror] INFO: Ignoring response <404 http://m.tupianzj.com/meinv/20171130/151843_1.html>: HTTP status code is not handled or not allowed
2019-02-06 20:07:51 [scrapy.extensions.logstats] INFO: Crawled 319 pages (at 45 pages/min), scraped 190 items (at 24 items/min)
2019-02-06 20:08:14 [scrapy.spidermiddlewares.httperror] INFO: Ignoring response <404 http://m.tupianzj.com/meinv/20180225/156254_1.html>: HTTP status code is not handled or not allowed
2019-02-06 20:08:17 [scrapy.spidermiddlewares.httperror] INFO: Ignoring response <404 http://m.tupianzj.com/meinv/20180225/156252_1.html>: HTTP status code is not handled or not allowed
2019-02-06 20:08:24 [scrapy.spidermiddlewares.httperror] INFO: Ignoring response <404 http://m.tupianzj.com/meinv/20180225/156250_1.html>: HTTP status code is not handled or not allowed
2019-02-06 20:08:28 [scrapy.spidermiddlewares.httperror] INFO: Ignoring response <404 http://m.tupianzj.com/meinv/20180225/156249_1.html>: HTTP status code is not handled or not allowed
2019-02-06 20:08:29 [scrapy.spidermiddlewares.httperror] INFO: Ignoring response <404 http://m.tupianzj.com/meinv/20180203/155854_1.html>: HTTP status code is not handled or not allowed
2019-02-06 20:08:36 [scrapy.spidermiddlewares.httperror] INFO: Ignoring response <404 http://m.tupianzj.com/meinv/20180203/155853_1.html>: HTTP status code is not handled or not allowed
2019-02-06 20:08:44 [scrapy.extensions.logstats] INFO: Crawled 353 pages (at 34 pages/min), scraped 218 items (at 28 items/min)
2019-02-06 20:08:46 [scrapy.spidermiddlewares.httperror] INFO: Ignoring response <404 http://m.tupianzj.com/meinv/20180203/155849_1.html>: HTTP status code is not handled or not allowed
2019-02-06 20:08:51 [scrapy.spidermiddlewares.httperror] INFO: Ignoring response <404 http://m.tupianzj.com/meinv/20180203/155848_1.html>: HTTP status code is not handled or not allowed
2019-02-06 20:08:58 [scrapy.spidermiddlewares.httperror] INFO: Ignoring response <404 http://m.tupianzj.com/meinv/20180130/155588_1.html>: HTTP status code is not handled or not allowed
2019-02-06 20:08:59 [scrapy.spidermiddlewares.httperror] INFO: Ignoring response <404 http://m.tupianzj.com/meinv/20180130/155584_1.html>: HTTP status code is not handled or not allowed
2019-02-06 20:09:02 [scrapy.spidermiddlewares.httperror] INFO: Ignoring response <404 http://m.tupianzj.com/meinv/20180130/155585_1.html>: HTTP status code is not handled or not allowed
2019-02-06 20:09:44 [scrapy.extensions.logstats] INFO: Crawled 392 pages (at 39 pages/min), scraped 234 items (at 16 items/min)
2019-02-06 20:10:20 [scrapy.spidermiddlewares.httperror] INFO: Ignoring response <404 http://m.tupianzj.com/meinv/20180704/164217_1.html>: HTTP status code is not handled or not allowed
2019-02-06 20:10:24 [scrapy.spidermiddlewares.httperror] INFO: Ignoring response <404 http://m.tupianzj.com/meinv/20180703/164169_1.html>: HTTP status code is not handled or not allowed
2019-02-06 20:10:41 [scrapy.spidermiddlewares.httperror] INFO: Ignoring response <404 http://m.tupianzj.com/meinv/20180703/164168_1.html>: HTTP status code is not handled or not allowed
2019-02-06 20:10:44 [scrapy.extensions.logstats] INFO: Crawled 417 pages (at 25 pages/min), scraped 256 items (at 22 items/min)
2019-02-06 20:10:46 [scrapy.spidermiddlewares.httperror] INFO: Ignoring response <404 http://m.tupianzj.com/meinv/20180612/163206_1.html>: HTTP status code is not handled or not allowed
2019-02-06 20:10:49 [scrapy.spidermiddlewares.httperror] INFO: Ignoring response <404 http://m.tupianzj.com/meinv/20180614/163373_1.html>: HTTP status code is not handled or not allowed
2019-02-06 20:11:03 [scrapy.spidermiddlewares.httperror] INFO: Ignoring response <404 http://m.tupianzj.com/meinv/20180614/163371_1.html>: HTTP status code is not handled or not allowed
2019-02-06 20:11:11 [scrapy.spidermiddlewares.httperror] INFO: Ignoring response <404 http://m.tupianzj.com/meinv/20180613/163291_1.html>: HTTP status code is not handled or not allowed
2019-02-06 20:11:15 [scrapy.spidermiddlewares.httperror] INFO: Ignoring response <404 http://m.tupianzj.com/meinv/20180614/163302_1.html>: HTTP status code is not handled or not allowed
2019-02-06 20:11:21 [scrapy.spidermiddlewares.httperror] INFO: Ignoring response <404 http://m.tupianzj.com/meinv/20180606/162796_1.html>: HTTP status code is not handled or not allowed
2019-02-06 20:11:29 [scrapy.spidermiddlewares.httperror] INFO: Ignoring response <404 http://m.tupianzj.com/meinv/20180605/162785_1.html>: HTTP status code is not handled or not allowed
2019-02-06 20:11:36 [scrapy.spidermiddlewares.httperror] INFO: Ignoring response <404 http://m.tupianzj.com/meinv/20180606/162795_1.html>: HTTP status code is not handled or not allowed
2019-02-06 20:11:44 [scrapy.extensions.logstats] INFO: Crawled 457 pages (at 40 pages/min), scraped 288 items (at 32 items/min)
2019-02-06 20:11:45 [scrapy.spidermiddlewares.httperror] INFO: Ignoring response <404 http://m.tupianzj.com/meinv/20180605/162783_1.html>: HTTP status code is not handled or not allowed
2019-02-06 20:11:47 [scrapy.spidermiddlewares.httperror] INFO: Ignoring response <404 http://m.tupianzj.com/meinv/20180605/162782_1.html>: HTTP status code is not handled or not allowed
2019-02-06 20:11:50 [scrapy.spidermiddlewares.httperror] INFO: Ignoring response <404 http://m.tupianzj.com/meinv/20180604/162678_1.html>: HTTP status code is not handled or not allowed
2019-02-06 20:11:53 [scrapy.spidermiddlewares.httperror] INFO: Ignoring response <404 http://m.tupianzj.com/meinv/20180226/156256_1.html>: HTTP status code is not handled or not allowed
