2019-02-06 18:54:39 [scrapy.utils.log] INFO: Scrapy 1.5.0 started (bot: meinr)
2019-02-06 18:54:39 [scrapy.utils.log] INFO: Versions: lxml 4.1.1.0, libxml2 2.9.5, cssselect 1.0.3, parsel 1.3.1, w3lib 1.18.0, Twisted 18.9.0, Python 3.6.0 (v3.6.0:41df79263a11, Dec 23 2016, 08:06:12) [MSC v.1900 64 bit (AMD64)], pyOpenSSL 17.5.0 (OpenSSL 1.1.0h  27 Mar 2018), cryptography 2.3, Platform Windows-7-6.1.7601-SP1
2019-02-06 18:54:39 [scrapy.crawler] INFO: Overridden settings: {'BOT_NAME': 'meinr', 'LOG_FILE': 'logs\\2019_02_18_54_39_meinr.log', 'LOG_LEVEL': 'INFO', 'NEWSPIDER_MODULE': 'meinr.spiders', 'SPIDER_MODULES': ['meinr.spiders']}
2019-02-06 18:54:39 [scrapy.middleware] INFO: Enabled extensions:
['scrapy.extensions.corestats.CoreStats',
 'scrapy.extensions.telnet.TelnetConsole',
 'scrapy.extensions.logstats.LogStats']
2019-02-06 18:54:40 [scrapy.middleware] INFO: Enabled downloader middlewares:
['scrapy.downloadermiddlewares.httpauth.HttpAuthMiddleware',
 'scrapy.downloadermiddlewares.downloadtimeout.DownloadTimeoutMiddleware',
 'scrapy.downloadermiddlewares.defaultheaders.DefaultHeadersMiddleware',
 'scrapy.downloadermiddlewares.useragent.UserAgentMiddleware',
 'scrapy.downloadermiddlewares.retry.RetryMiddleware',
 'scrapy.downloadermiddlewares.redirect.MetaRefreshMiddleware',
 'scrapy.downloadermiddlewares.httpcompression.HttpCompressionMiddleware',
 'scrapy.downloadermiddlewares.redirect.RedirectMiddleware',
 'scrapy.downloadermiddlewares.cookies.CookiesMiddleware',
 'scrapy.downloadermiddlewares.httpproxy.HttpProxyMiddleware',
 'scrapy.downloadermiddlewares.stats.DownloaderStats']
2019-02-06 18:54:40 [scrapy.middleware] INFO: Enabled spider middlewares:
['scrapy.spidermiddlewares.httperror.HttpErrorMiddleware',
 'scrapy.spidermiddlewares.offsite.OffsiteMiddleware',
 'scrapy.spidermiddlewares.referer.RefererMiddleware',
 'scrapy.spidermiddlewares.urllength.UrlLengthMiddleware',
 'scrapy.spidermiddlewares.depth.DepthMiddleware']
2019-02-06 18:54:40 [scrapy.middleware] INFO: Enabled item pipelines:
['meinr.pipelines.MeinrPipeline']
2019-02-06 18:54:40 [scrapy.core.engine] INFO: Spider opened
2019-02-06 18:54:40 [scrapy.extensions.logstats] INFO: Crawled 0 pages (at 0 pages/min), scraped 0 items (at 0 items/min)
2019-02-06 18:54:47 [scrapy.spidermiddlewares.httperror] INFO: Ignoring response <404 http://m.tupianzj.com/meinv/20190131/180409_1.html>: HTTP status code is not handled or not allowed
2019-02-06 18:54:48 [scrapy.core.scraper] ERROR: Error processing {'img': 'http://img.tupianzj.com/uploads/allimg/190131/29-1Z131140935-53.jpg',
 'num': 8,
 'title': '清纯白皙少女空灵氧气小清新图片'}
Traceback (most recent call last):
  File "D:\Python\Python36\lib\site-packages\twisted\internet\defer.py", line 654, in _runCallbacks
    current.result = callback(current.result, *args, **kw)
  File "D:\spider_git\meinr\meinr\pipelines.py", line 23, in process_item
    with open(path,'wb')as f:
FileNotFoundError: [Errno 2] No such file or directory: 'D:\\spider_git\\meinr\\download\\清纯白皙少女空灵氧气小清新图片\\8.jpg'
2019-02-06 18:54:48 [scrapy.spidermiddlewares.httperror] INFO: Ignoring response <404 http://m.tupianzj.com/meinv/20190130/180244_1.html>: HTTP status code is not handled or not allowed
2019-02-06 18:54:49 [scrapy.core.scraper] ERROR: Error processing {'img': 'http://img.tupianzj.com/uploads/allimg/190131/29-1Z131140934-51.jpg',
 'num': 3,
 'title': '清纯白皙少女空灵氧气小清新图片'}
Traceback (most recent call last):
  File "D:\Python\Python36\lib\site-packages\twisted\internet\defer.py", line 654, in _runCallbacks
    current.result = callback(current.result, *args, **kw)
  File "D:\spider_git\meinr\meinr\pipelines.py", line 23, in process_item
    with open(path,'wb')as f:
FileNotFoundError: [Errno 2] No such file or directory: 'D:\\spider_git\\meinr\\download\\清纯白皙少女空灵氧气小清新图片\\3.jpg'
2019-02-06 18:54:50 [scrapy.core.scraper] ERROR: Error processing {'img': 'http://img.tupianzj.com/uploads/allimg/190131/29-1Z131140935-52.jpg',
 'num': 7,
 'title': '清纯白皙少女空灵氧气小清新图片'}
Traceback (most recent call last):
  File "D:\Python\Python36\lib\site-packages\twisted\internet\defer.py", line 654, in _runCallbacks
    current.result = callback(current.result, *args, **kw)
  File "D:\spider_git\meinr\meinr\pipelines.py", line 23, in process_item
    with open(path,'wb')as f:
FileNotFoundError: [Errno 2] No such file or directory: 'D:\\spider_git\\meinr\\download\\清纯白皙少女空灵氧气小清新图片\\7.jpg'
2019-02-06 18:54:51 [scrapy.core.scraper] ERROR: Error processing {'img': 'http://img.tupianzj.com/uploads/allimg/190131/29-1Z131140935.jpg',
 'num': 4,
 'title': '清纯白皙少女空灵氧气小清新图片'}
Traceback (most recent call last):
  File "D:\Python\Python36\lib\site-packages\twisted\internet\defer.py", line 654, in _runCallbacks
    current.result = callback(current.result, *args, **kw)
  File "D:\spider_git\meinr\meinr\pipelines.py", line 23, in process_item
    with open(path,'wb')as f:
FileNotFoundError: [Errno 2] No such file or directory: 'D:\\spider_git\\meinr\\download\\清纯白皙少女空灵氧气小清新图片\\4.jpg'
2019-02-06 18:54:53 [scrapy.core.scraper] ERROR: Error processing {'img': 'http://img.tupianzj.com/uploads/allimg/190130/29-1Z130103228-50.jpg',
 'num': 2,
 'title': '户外野餐少女清纯养眼吊带格裙美腿软妹图片'}
Traceback (most recent call last):
  File "D:\Python\Python36\lib\site-packages\twisted\internet\defer.py", line 654, in _runCallbacks
    current.result = callback(current.result, *args, **kw)
  File "D:\spider_git\meinr\meinr\pipelines.py", line 23, in process_item
    with open(path,'wb')as f:
FileNotFoundError: [Errno 2] No such file or directory: 'D:\\spider_git\\meinr\\download\\户外野餐少女清纯养眼吊带格裙美腿软妹图片\\2.jpg'
2019-02-06 18:54:54 [scrapy.core.scraper] ERROR: Error processing {'img': 'http://img.tupianzj.com/uploads/allimg/190131/29-1Z131140934-50.jpg',
 'num': 2,
 'title': '清纯白皙少女空灵氧气小清新图片'}
Traceback (most recent call last):
  File "D:\Python\Python36\lib\site-packages\twisted\internet\defer.py", line 654, in _runCallbacks
    current.result = callback(current.result, *args, **kw)
  File "D:\spider_git\meinr\meinr\pipelines.py", line 23, in process_item
    with open(path,'wb')as f:
FileNotFoundError: [Errno 2] No such file or directory: 'D:\\spider_git\\meinr\\download\\清纯白皙少女空灵氧气小清新图片\\2.jpg'
2019-02-06 18:54:55 [scrapy.core.scraper] ERROR: Error processing {'img': 'http://img.tupianzj.com/uploads/allimg/190131/29-1Z131140935-50.jpg',
 'num': 5,
 'title': '清纯白皙少女空灵氧气小清新图片'}
Traceback (most recent call last):
  File "D:\Python\Python36\lib\site-packages\twisted\internet\defer.py", line 654, in _runCallbacks
    current.result = callback(current.result, *args, **kw)
  File "D:\spider_git\meinr\meinr\pipelines.py", line 23, in process_item
    with open(path,'wb')as f:
FileNotFoundError: [Errno 2] No such file or directory: 'D:\\spider_git\\meinr\\download\\清纯白皙少女空灵氧气小清新图片\\5.jpg'
2019-02-06 18:54:56 [scrapy.core.scraper] ERROR: Error processing {'img': 'http://img.tupianzj.com/uploads/allimg/190131/29-1Z131140935-51.jpg',
 'num': 6,
 'title': '清纯白皙少女空灵氧气小清新图片'}
Traceback (most recent call last):
  File "D:\Python\Python36\lib\site-packages\twisted\internet\defer.py", line 654, in _runCallbacks
    current.result = callback(current.result, *args, **kw)
  File "D:\spider_git\meinr\meinr\pipelines.py", line 23, in process_item
    with open(path,'wb')as f:
FileNotFoundError: [Errno 2] No such file or directory: 'D:\\spider_git\\meinr\\download\\清纯白皙少女空灵氧气小清新图片\\6.jpg'
2019-02-06 18:54:58 [scrapy.core.scraper] ERROR: Error processing {'img': 'http://img.tupianzj.com/uploads/allimg/190130/29-1Z130103228-51.jpg',
 'num': 3,
 'title': '户外野餐少女清纯养眼吊带格裙美腿软妹图片'}
Traceback (most recent call last):
  File "D:\Python\Python36\lib\site-packages\twisted\internet\defer.py", line 654, in _runCallbacks
    current.result = callback(current.result, *args, **kw)
  File "D:\spider_git\meinr\meinr\pipelines.py", line 23, in process_item
    with open(path,'wb')as f:
FileNotFoundError: [Errno 2] No such file or directory: 'D:\\spider_git\\meinr\\download\\户外野餐少女清纯养眼吊带格裙美腿软妹图片\\3.jpg'
2019-02-06 18:54:58 [scrapy.spidermiddlewares.httperror] INFO: Ignoring response <404 http://m.tupianzj.com/meinv/20190131/180411_1.html>: HTTP status code is not handled or not allowed
2019-02-06 18:54:58 [scrapy.spidermiddlewares.httperror] INFO: Ignoring response <404 http://m.tupianzj.com/meinv/20190201/180594_1.html>: HTTP status code is not handled or not allowed
2019-02-06 18:54:59 [scrapy.core.scraper] ERROR: Error processing {'img': 'http://img.tupianzj.com/uploads/allimg/190131/29-1Z131091129-50.jpg',
 'num': 8,
 'title': '古典气质少女私房淑雅清纯脱俗图片'}
Traceback (most recent call last):
  File "D:\Python\Python36\lib\site-packages\twisted\internet\defer.py", line 654, in _runCallbacks
    current.result = callback(current.result, *args, **kw)
  File "D:\spider_git\meinr\meinr\pipelines.py", line 23, in process_item
    with open(path,'wb')as f:
FileNotFoundError: [Errno 2] No such file or directory: 'D:\\spider_git\\meinr\\download\\古典气质少女私房淑雅清纯脱俗图片\\8.jpg'
2019-02-06 18:54:59 [scrapy.core.scraper] ERROR: Error processing {'img': 'http://img.tupianzj.com/uploads/allimg/190131/29-1Z131091129.jpg',
 'num': 7,
 'title': '古典气质少女私房淑雅清纯脱俗图片'}
Traceback (most recent call last):
  File "D:\Python\Python36\lib\site-packages\twisted\internet\defer.py", line 654, in _runCallbacks
    current.result = callback(current.result, *args, **kw)
  File "D:\spider_git\meinr\meinr\pipelines.py", line 23, in process_item
    with open(path,'wb')as f:
FileNotFoundError: [Errno 2] No such file or directory: 'D:\\spider_git\\meinr\\download\\古典气质少女私房淑雅清纯脱俗图片\\7.jpg'
2019-02-06 18:55:00 [scrapy.core.scraper] ERROR: Error processing {'img': 'http://img.tupianzj.com/uploads/allimg/190131/29-1Z131141039-50.jpg',
 'num': 3,
 'title': '清纯丸子头美女浪漫私房吊带红裙冷艳萝莉图片'}
Traceback (most recent call last):
  File "D:\Python\Python36\lib\site-packages\twisted\internet\defer.py", line 654, in _runCallbacks
    current.result = callback(current.result, *args, **kw)
  File "D:\spider_git\meinr\meinr\pipelines.py", line 23, in process_item
    with open(path,'wb')as f:
FileNotFoundError: [Errno 2] No such file or directory: 'D:\\spider_git\\meinr\\download\\清纯丸子头美女浪漫私房吊带红裙冷艳萝莉图片\\3.jpg'
2019-02-06 18:55:01 [scrapy.core.scraper] ERROR: Error processing {'img': 'http://img.tupianzj.com/uploads/allimg/190131/29-1Z131141039-51.jpg',
 'num': 4,
 'title': '清纯丸子头美女浪漫私房吊带红裙冷艳萝莉图片'}
Traceback (most recent call last):
  File "D:\Python\Python36\lib\site-packages\twisted\internet\defer.py", line 654, in _runCallbacks
    current.result = callback(current.result, *args, **kw)
  File "D:\spider_git\meinr\meinr\pipelines.py", line 23, in process_item
    with open(path,'wb')as f:
FileNotFoundError: [Errno 2] No such file or directory: 'D:\\spider_git\\meinr\\download\\清纯丸子头美女浪漫私房吊带红裙冷艳萝莉图片\\4.jpg'
2019-02-06 18:55:01 [scrapy.core.scraper] ERROR: Error processing {'img': 'http://img.tupianzj.com/uploads/allimg/190131/29-1Z131141039.jpg',
 'num': 2,
 'title': '清纯丸子头美女浪漫私房吊带红裙冷艳萝莉图片'}
Traceback (most recent call last):
  File "D:\Python\Python36\lib\site-packages\twisted\internet\defer.py", line 654, in _runCallbacks
    current.result = callback(current.result, *args, **kw)
  File "D:\spider_git\meinr\meinr\pipelines.py", line 23, in process_item
    with open(path,'wb')as f:
FileNotFoundError: [Errno 2] No such file or directory: 'D:\\spider_git\\meinr\\download\\清纯丸子头美女浪漫私房吊带红裙冷艳萝莉图片\\2.jpg'
2019-02-06 18:55:01 [scrapy.spidermiddlewares.httperror] INFO: Ignoring response <404 http://m.tupianzj.com/meinv/20190131/180412_1.html>: HTTP status code is not handled or not allowed
2019-02-06 18:55:01 [scrapy.core.scraper] ERROR: Error processing {'img': 'http://img.tupianzj.com/uploads/allimg/190131/29-1Z131141113-50.jpg',
 'num': 4,
 'title': '文艺气质清纯少女户外吊带长裙天然氧气图片'}
Traceback (most recent call last):
  File "D:\Python\Python36\lib\site-packages\twisted\internet\defer.py", line 654, in _runCallbacks
    current.result = callback(current.result, *args, **kw)
  File "D:\spider_git\meinr\meinr\pipelines.py", line 23, in process_item
    with open(path,'wb')as f:
FileNotFoundError: [Errno 2] No such file or directory: 'D:\\spider_git\\meinr\\download\\文艺气质清纯少女户外吊带长裙天然氧气图片\\4.jpg'
2019-02-06 18:55:02 [scrapy.core.scraper] ERROR: Error processing {'img': 'http://img.tupianzj.com/uploads/allimg/190131/29-1Z131141113.jpg',
 'num': 3,
 'title': '文艺气质清纯少女户外吊带长裙天然氧气图片'}
Traceback (most recent call last):
  File "D:\Python\Python36\lib\site-packages\twisted\internet\defer.py", line 654, in _runCallbacks
    current.result = callback(current.result, *args, **kw)
  File "D:\spider_git\meinr\meinr\pipelines.py", line 23, in process_item
    with open(path,'wb')as f:
FileNotFoundError: [Errno 2] No such file or directory: 'D:\\spider_git\\meinr\\download\\文艺气质清纯少女户外吊带长裙天然氧气图片\\3.jpg'
2019-02-06 18:55:03 [scrapy.core.scraper] ERROR: Error processing {'img': 'http://img.tupianzj.com/uploads/allimg/190131/29-1Z131141112-50.jpg',
 'num': 2,
 'title': '文艺气质清纯少女户外吊带长裙天然氧气图片'}
Traceback (most recent call last):
  File "D:\Python\Python36\lib\site-packages\twisted\internet\defer.py", line 654, in _runCallbacks
    current.result = callback(current.result, *args, **kw)
  File "D:\spider_git\meinr\meinr\pipelines.py", line 23, in process_item
    with open(path,'wb')as f:
FileNotFoundError: [Errno 2] No such file or directory: 'D:\\spider_git\\meinr\\download\\文艺气质清纯少女户外吊带长裙天然氧气图片\\2.jpg'
2019-02-06 18:55:03 [scrapy.core.scraper] ERROR: Error processing {'img': 'http://img.tupianzj.com/uploads/allimg/190130/29-1Z130103343-50.jpg',
 'num': 3,
 'title': '光彩夺目美女粉嫩甜美萝莉白丝清纯私房图片'}
Traceback (most recent call last):
  File "D:\Python\Python36\lib\site-packages\twisted\internet\defer.py", line 654, in _runCallbacks
    current.result = callback(current.result, *args, **kw)
  File "D:\spider_git\meinr\meinr\pipelines.py", line 23, in process_item
    with open(path,'wb')as f:
FileNotFoundError: [Errno 2] No such file or directory: 'D:\\spider_git\\meinr\\download\\光彩夺目美女粉嫩甜美萝莉白丝清纯私房图片\\3.jpg'
2019-02-06 18:55:04 [scrapy.core.scraper] ERROR: Error processing {'img': 'http://img.tupianzj.com/uploads/allimg/190130/29-1Z130103343.jpg',
 'num': 2,
 'title': '光彩夺目美女粉嫩甜美萝莉白丝清纯私房图片'}
Traceback (most recent call last):
  File "D:\Python\Python36\lib\site-packages\twisted\internet\defer.py", line 654, in _runCallbacks
    current.result = callback(current.result, *args, **kw)
  File "D:\spider_git\meinr\meinr\pipelines.py", line 23, in process_item
    with open(path,'wb')as f:
FileNotFoundError: [Errno 2] No such file or directory: 'D:\\spider_git\\meinr\\download\\光彩夺目美女粉嫩甜美萝莉白丝清纯私房图片\\2.jpg'
2019-02-06 18:55:04 [scrapy.core.scraper] ERROR: Error processing {'img': 'http://img.tupianzj.com/uploads/allimg/190130/29-1Z130103343-51.jpg',
 'num': 4,
 'title': '光彩夺目美女粉嫩甜美萝莉白丝清纯私房图片'}
Traceback (most recent call last):
  File "D:\Python\Python36\lib\site-packages\twisted\internet\defer.py", line 654, in _runCallbacks
    current.result = callback(current.result, *args, **kw)
  File "D:\spider_git\meinr\meinr\pipelines.py", line 23, in process_item
    with open(path,'wb')as f:
FileNotFoundError: [Errno 2] No such file or directory: 'D:\\spider_git\\meinr\\download\\光彩夺目美女粉嫩甜美萝莉白丝清纯私房图片\\4.jpg'
2019-02-06 18:55:05 [scrapy.core.scraper] ERROR: Error processing {'img': 'http://img.tupianzj.com/uploads/allimg/190130/29-1Z130103343-52.jpg',
 'num': 5,
 'title': '光彩夺目美女粉嫩甜美萝莉白丝清纯私房图片'}
Traceback (most recent call last):
  File "D:\Python\Python36\lib\site-packages\twisted\internet\defer.py", line 654, in _runCallbacks
    current.result = callback(current.result, *args, **kw)
  File "D:\spider_git\meinr\meinr\pipelines.py", line 23, in process_item
    with open(path,'wb')as f:
FileNotFoundError: [Errno 2] No such file or directory: 'D:\\spider_git\\meinr\\download\\光彩夺目美女粉嫩甜美萝莉白丝清纯私房图片\\5.jpg'
2019-02-06 18:55:05 [scrapy.spidermiddlewares.httperror] INFO: Ignoring response <404 http://m.tupianzj.com/meinv/20190130/180245_1.html>: HTTP status code is not handled or not allowed
2019-02-06 18:55:05 [scrapy.spidermiddlewares.httperror] INFO: Ignoring response <404 http://m.tupianzj.com/meinv/20190131/180410_1.html>: HTTP status code is not handled or not allowed
2019-02-06 18:55:06 [scrapy.core.scraper] ERROR: Error processing {'img': 'http://img.tupianzj.com/uploads/allimg/190131/29-1Z131141005-51.jpg',
 'num': 4,
 'title': '清纯萌妹美女白皙小清新吊带牛仔裤氧气图片'}
Traceback (most recent call last):
  File "D:\Python\Python36\lib\site-packages\twisted\internet\defer.py", line 654, in _runCallbacks
    current.result = callback(current.result, *args, **kw)
  File "D:\spider_git\meinr\meinr\pipelines.py", line 23, in process_item
    with open(path,'wb')as f:
FileNotFoundError: [Errno 2] No such file or directory: 'D:\\spider_git\\meinr\\download\\清纯萌妹美女白皙小清新吊带牛仔裤氧气图片\\4.jpg'
2019-02-06 18:55:06 [scrapy.core.scraper] ERROR: Error processing {'img': 'http://img.tupianzj.com/uploads/allimg/190131/29-1Z131141005-50.jpg',
 'num': 3,
 'title': '清纯萌妹美女白皙小清新吊带牛仔裤氧气图片'}
Traceback (most recent call last):
  File "D:\Python\Python36\lib\site-packages\twisted\internet\defer.py", line 654, in _runCallbacks
    current.result = callback(current.result, *args, **kw)
  File "D:\spider_git\meinr\meinr\pipelines.py", line 23, in process_item
    with open(path,'wb')as f:
FileNotFoundError: [Errno 2] No such file or directory: 'D:\\spider_git\\meinr\\download\\清纯萌妹美女白皙小清新吊带牛仔裤氧气图片\\3.jpg'
2019-02-06 18:55:06 [scrapy.core.scraper] ERROR: Error processing {'img': 'http://img.tupianzj.com/uploads/allimg/190131/29-1Z131141005.jpg',
 'num': 2,
 'title': '清纯萌妹美女白皙小清新吊带牛仔裤氧气图片'}
Traceback (most recent call last):
  File "D:\Python\Python36\lib\site-packages\twisted\internet\defer.py", line 654, in _runCallbacks
    current.result = callback(current.result, *args, **kw)
  File "D:\spider_git\meinr\meinr\pipelines.py", line 23, in process_item
    with open(path,'wb')as f:
FileNotFoundError: [Errno 2] No such file or directory: 'D:\\spider_git\\meinr\\download\\清纯萌妹美女白皙小清新吊带牛仔裤氧气图片\\2.jpg'
2019-02-06 18:55:07 [scrapy.core.scraper] ERROR: Error processing {'img': 'http://img.tupianzj.com/uploads/allimg/190131/29-1Z131091128-51.jpg',
 'num': 4,
 'title': '古典气质少女私房淑雅清纯脱俗图片'}
Traceback (most recent call last):
  File "D:\Python\Python36\lib\site-packages\twisted\internet\defer.py", line 654, in _runCallbacks
    current.result = callback(current.result, *args, **kw)
  File "D:\spider_git\meinr\meinr\pipelines.py", line 23, in process_item
    with open(path,'wb')as f:
FileNotFoundError: [Errno 2] No such file or directory: 'D:\\spider_git\\meinr\\download\\古典气质少女私房淑雅清纯脱俗图片\\4.jpg'
2019-02-06 18:55:08 [scrapy.core.scraper] ERROR: Error processing {'img': 'http://img.tupianzj.com/uploads/allimg/190131/29-1Z131091128-52.jpg',
 'num': 5,
 'title': '古典气质少女私房淑雅清纯脱俗图片'}
Traceback (most recent call last):
  File "D:\Python\Python36\lib\site-packages\twisted\internet\defer.py", line 654, in _runCallbacks
    current.result = callback(current.result, *args, **kw)
  File "D:\spider_git\meinr\meinr\pipelines.py", line 23, in process_item
    with open(path,'wb')as f:
FileNotFoundError: [Errno 2] No such file or directory: 'D:\\spider_git\\meinr\\download\\古典气质少女私房淑雅清纯脱俗图片\\5.jpg'
2019-02-06 18:55:08 [scrapy.core.scraper] ERROR: Error processing {'img': 'http://img.tupianzj.com/uploads/allimg/190131/29-1Z131091128-53.jpg',
 'num': 6,
 'title': '古典气质少女私房淑雅清纯脱俗图片'}
Traceback (most recent call last):
  File "D:\Python\Python36\lib\site-packages\twisted\internet\defer.py", line 654, in _runCallbacks
    current.result = callback(current.result, *args, **kw)
  File "D:\spider_git\meinr\meinr\pipelines.py", line 23, in process_item
    with open(path,'wb')as f:
FileNotFoundError: [Errno 2] No such file or directory: 'D:\\spider_git\\meinr\\download\\古典气质少女私房淑雅清纯脱俗图片\\6.jpg'
2019-02-06 18:55:09 [scrapy.core.scraper] ERROR: Error processing {'img': 'http://img.tupianzj.com/uploads/allimg/190131/29-1Z131141147.jpg',
 'num': 8,
 'title': '校园日式泳衣少女娇柔白嫩清纯'}
Traceback (most recent call last):
  File "D:\Python\Python36\lib\site-packages\twisted\internet\defer.py", line 654, in _runCallbacks
    current.result = callback(current.result, *args, **kw)
  File "D:\spider_git\meinr\meinr\pipelines.py", line 23, in process_item
    with open(path,'wb')as f:
FileNotFoundError: [Errno 2] No such file or directory: 'D:\\spider_git\\meinr\\download\\校园日式泳衣少女娇柔白嫩清纯\\8.jpg'
2019-02-06 18:55:09 [scrapy.core.scraper] ERROR: Error processing {'img': 'http://img.tupianzj.com/uploads/allimg/190131/29-1Z131141146-52.jpg',
 'num': 6,
 'title': '校园日式泳衣少女娇柔白嫩清纯'}
Traceback (most recent call last):
  File "D:\Python\Python36\lib\site-packages\twisted\internet\defer.py", line 654, in _runCallbacks
    current.result = callback(current.result, *args, **kw)
  File "D:\spider_git\meinr\meinr\pipelines.py", line 23, in process_item
    with open(path,'wb')as f:
FileNotFoundError: [Errno 2] No such file or directory: 'D:\\spider_git\\meinr\\download\\校园日式泳衣少女娇柔白嫩清纯\\6.jpg'
2019-02-06 18:55:10 [scrapy.core.scraper] ERROR: Error processing {'img': 'http://img.tupianzj.com/uploads/allimg/190131/29-1Z131141146-53.jpg',
 'num': 7,
 'title': '校园日式泳衣少女娇柔白嫩清纯'}
Traceback (most recent call last):
  File "D:\Python\Python36\lib\site-packages\twisted\internet\defer.py", line 654, in _runCallbacks
    current.result = callback(current.result, *args, **kw)
  File "D:\spider_git\meinr\meinr\pipelines.py", line 23, in process_item
    with open(path,'wb')as f:
FileNotFoundError: [Errno 2] No such file or directory: 'D:\\spider_git\\meinr\\download\\校园日式泳衣少女娇柔白嫩清纯\\7.jpg'
2019-02-06 18:55:10 [scrapy.core.scraper] ERROR: Error processing {'img': 'http://img.tupianzj.com/uploads/allimg/190131/29-1Z131141146-50.jpg',
 'num': 4,
 'title': '校园日式泳衣少女娇柔白嫩清纯'}
Traceback (most recent call last):
  File "D:\Python\Python36\lib\site-packages\twisted\internet\defer.py", line 654, in _runCallbacks
    current.result = callback(current.result, *args, **kw)
  File "D:\spider_git\meinr\meinr\pipelines.py", line 23, in process_item
    with open(path,'wb')as f:
FileNotFoundError: [Errno 2] No such file or directory: 'D:\\spider_git\\meinr\\download\\校园日式泳衣少女娇柔白嫩清纯\\4.jpg'
2019-02-06 18:55:10 [scrapy.spidermiddlewares.httperror] INFO: Ignoring response <404 http://m.tupianzj.com/meinv/20190131/180413_1.html>: HTTP status code is not handled or not allowed
2019-02-06 18:55:11 [scrapy.core.scraper] ERROR: Error processing {'img': 'http://img.tupianzj.com/uploads/allimg/190131/29-1Z131141146-51.jpg',
 'num': 5,
 'title': '校园日式泳衣少女娇柔白嫩清纯'}
Traceback (most recent call last):
  File "D:\Python\Python36\lib\site-packages\twisted\internet\defer.py", line 654, in _runCallbacks
    current.result = callback(current.result, *args, **kw)
  File "D:\spider_git\meinr\meinr\pipelines.py", line 23, in process_item
    with open(path,'wb')as f:
FileNotFoundError: [Errno 2] No such file or directory: 'D:\\spider_git\\meinr\\download\\校园日式泳衣少女娇柔白嫩清纯\\5.jpg'
2019-02-06 18:55:11 [scrapy.core.scraper] ERROR: Error processing {'img': 'http://img.tupianzj.com/uploads/allimg/190131/29-1Z131141145-50.jpg',
 'num': 2,
 'title': '校园日式泳衣少女娇柔白嫩清纯'}
Traceback (most recent call last):
  File "D:\Python\Python36\lib\site-packages\twisted\internet\defer.py", line 654, in _runCallbacks
    current.result = callback(current.result, *args, **kw)
  File "D:\spider_git\meinr\meinr\pipelines.py", line 23, in process_item
    with open(path,'wb')as f:
FileNotFoundError: [Errno 2] No such file or directory: 'D:\\spider_git\\meinr\\download\\校园日式泳衣少女娇柔白嫩清纯\\2.jpg'
2019-02-06 18:55:12 [scrapy.core.scraper] ERROR: Error processing {'img': 'http://img.tupianzj.com/uploads/allimg/190131/29-1Z131141146.jpg',
 'num': 3,
 'title': '校园日式泳衣少女娇柔白嫩清纯'}
Traceback (most recent call last):
  File "D:\Python\Python36\lib\site-packages\twisted\internet\defer.py", line 654, in _runCallbacks
    current.result = callback(current.result, *args, **kw)
  File "D:\spider_git\meinr\meinr\pipelines.py", line 23, in process_item
    with open(path,'wb')as f:
FileNotFoundError: [Errno 2] No such file or directory: 'D:\\spider_git\\meinr\\download\\校园日式泳衣少女娇柔白嫩清纯\\3.jpg'
2019-02-06 18:55:12 [scrapy.spidermiddlewares.httperror] INFO: Ignoring response <404 http://m.tupianzj.com/meinv/20190131/180357_1.html>: HTTP status code is not handled or not allowed
2019-02-06 18:55:12 [scrapy.spidermiddlewares.httperror] INFO: Ignoring response <404 http://m.tupianzj.com/meinv/20190131/180358_1.html>: HTTP status code is not handled or not allowed
2019-02-06 18:55:12 [scrapy.core.scraper] ERROR: Error processing {'img': 'http://img.tupianzj.com/uploads/allimg/190131/29-1Z131091250-51.jpg',
 'num': 4,
 'title': '名媛气质少女优雅端庄精致礼裙香艳清纯图片'}
Traceback (most recent call last):
  File "D:\Python\Python36\lib\site-packages\twisted\internet\defer.py", line 654, in _runCallbacks
    current.result = callback(current.result, *args, **kw)
  File "D:\spider_git\meinr\meinr\pipelines.py", line 23, in process_item
    with open(path,'wb')as f:
FileNotFoundError: [Errno 2] No such file or directory: 'D:\\spider_git\\meinr\\download\\名媛气质少女优雅端庄精致礼裙香艳清纯图片\\4.jpg'
2019-02-06 18:55:13 [scrapy.core.scraper] ERROR: Error processing {'img': 'http://img.tupianzj.com/uploads/allimg/190131/29-1Z131091128.jpg',
 'num': 2,
 'title': '古典气质少女私房淑雅清纯脱俗图片'}
Traceback (most recent call last):
  File "D:\Python\Python36\lib\site-packages\twisted\internet\defer.py", line 654, in _runCallbacks
    current.result = callback(current.result, *args, **kw)
  File "D:\spider_git\meinr\meinr\pipelines.py", line 23, in process_item
    with open(path,'wb')as f:
FileNotFoundError: [Errno 2] No such file or directory: 'D:\\spider_git\\meinr\\download\\古典气质少女私房淑雅清纯脱俗图片\\2.jpg'
2019-02-06 18:55:14 [scrapy.core.scraper] ERROR: Error processing {'img': 'http://img.tupianzj.com/uploads/allimg/190131/29-1Z131091128-50.jpg',
 'num': 3,
 'title': '古典气质少女私房淑雅清纯脱俗图片'}
Traceback (most recent call last):
  File "D:\Python\Python36\lib\site-packages\twisted\internet\defer.py", line 654, in _runCallbacks
    current.result = callback(current.result, *args, **kw)
  File "D:\spider_git\meinr\meinr\pipelines.py", line 23, in process_item
    with open(path,'wb')as f:
FileNotFoundError: [Errno 2] No such file or directory: 'D:\\spider_git\\meinr\\download\\古典气质少女私房淑雅清纯脱俗图片\\3.jpg'
2019-02-06 18:55:14 [scrapy.core.scraper] ERROR: Error processing {'img': 'http://img.tupianzj.com/uploads/allimg/190131/29-1Z131091250-50.jpg',
 'num': 3,
 'title': '名媛气质少女优雅端庄精致礼裙香艳清纯图片'}
Traceback (most recent call last):
  File "D:\Python\Python36\lib\site-packages\twisted\internet\defer.py", line 654, in _runCallbacks
    current.result = callback(current.result, *args, **kw)
  File "D:\spider_git\meinr\meinr\pipelines.py", line 23, in process_item
    with open(path,'wb')as f:
FileNotFoundError: [Errno 2] No such file or directory: 'D:\\spider_git\\meinr\\download\\名媛气质少女优雅端庄精致礼裙香艳清纯图片\\3.jpg'
2019-02-06 18:55:15 [scrapy.core.scraper] ERROR: Error processing {'img': 'http://img.tupianzj.com/uploads/allimg/190131/29-1Z131091250-52.jpg',
 'num': 5,
 'title': '名媛气质少女优雅端庄精致礼裙香艳清纯图片'}
Traceback (most recent call last):
  File "D:\Python\Python36\lib\site-packages\twisted\internet\defer.py", line 654, in _runCallbacks
    current.result = callback(current.result, *args, **kw)
  File "D:\spider_git\meinr\meinr\pipelines.py", line 23, in process_item
    with open(path,'wb')as f:
FileNotFoundError: [Errno 2] No such file or directory: 'D:\\spider_git\\meinr\\download\\名媛气质少女优雅端庄精致礼裙香艳清纯图片\\5.jpg'
2019-02-06 18:55:15 [scrapy.core.scraper] ERROR: Error processing {'img': 'http://img.tupianzj.com/uploads/allimg/190131/29-1Z131091250.jpg',
 'num': 2,
 'title': '名媛气质少女优雅端庄精致礼裙香艳清纯图片'}
Traceback (most recent call last):
  File "D:\Python\Python36\lib\site-packages\twisted\internet\defer.py", line 654, in _runCallbacks
    current.result = callback(current.result, *args, **kw)
  File "D:\spider_git\meinr\meinr\pipelines.py", line 23, in process_item
    with open(path,'wb')as f:
FileNotFoundError: [Errno 2] No such file or directory: 'D:\\spider_git\\meinr\\download\\名媛气质少女优雅端庄精致礼裙香艳清纯图片\\2.jpg'
2019-02-06 18:55:15 [scrapy.core.engine] INFO: Closing spider (finished)
2019-02-06 18:55:15 [scrapy.statscollectors] INFO: Dumping Scrapy stats:
{'downloader/request_bytes': 22662,
 'downloader/request_count': 61,
 'downloader/request_method_count/GET': 61,
 'downloader/response_bytes': 264706,
 'downloader/response_count': 61,
 'downloader/response_status_count/200': 51,
 'downloader/response_status_count/404': 10,
 'finish_reason': 'finished',
 'finish_time': datetime.datetime(2019, 2, 6, 10, 55, 15, 633600),
 'httperror/response_ignored_count': 10,
 'httperror/response_ignored_status_count/404': 10,
 'log_count/ERROR': 40,
 'log_count/INFO': 17,
 'request_depth_max': 2,
 'response_received_count': 61,
 'scheduler/dequeued': 61,
 'scheduler/dequeued/memory': 61,
 'scheduler/enqueued': 61,
 'scheduler/enqueued/memory': 61,
 'start_time': datetime.datetime(2019, 2, 6, 10, 54, 40, 408000)}
2019-02-06 18:55:15 [scrapy.core.engine] INFO: Spider closed (finished)
