2019-02-06 18:47:05 [scrapy.utils.log] INFO: Scrapy 1.5.0 started (bot: meinr)
2019-02-06 18:47:05 [scrapy.utils.log] INFO: Versions: lxml 4.1.1.0, libxml2 2.9.5, cssselect 1.0.3, parsel 1.3.1, w3lib 1.18.0, Twisted 18.9.0, Python 3.6.0 (v3.6.0:41df79263a11, Dec 23 2016, 08:06:12) [MSC v.1900 64 bit (AMD64)], pyOpenSSL 17.5.0 (OpenSSL 1.1.0h  27 Mar 2018), cryptography 2.3, Platform Windows-7-6.1.7601-SP1
2019-02-06 18:47:05 [scrapy.crawler] INFO: Overridden settings: {'BOT_NAME': 'meinr', 'LOG_FILE': 'logs\\2019_02_18_47_05_meinr.log', 'LOG_LEVEL': 'INFO', 'NEWSPIDER_MODULE': 'meinr.spiders', 'SPIDER_MODULES': ['meinr.spiders']}
2019-02-06 18:47:05 [scrapy.middleware] INFO: Enabled extensions:
['scrapy.extensions.corestats.CoreStats',
 'scrapy.extensions.telnet.TelnetConsole',
 'scrapy.extensions.logstats.LogStats']
2019-02-06 18:47:05 [scrapy.middleware] INFO: Enabled downloader middlewares:
['scrapy.downloadermiddlewares.httpauth.HttpAuthMiddleware',
 'scrapy.downloadermiddlewares.downloadtimeout.DownloadTimeoutMiddleware',
 'scrapy.downloadermiddlewares.defaultheaders.DefaultHeadersMiddleware',
 'scrapy.downloadermiddlewares.useragent.UserAgentMiddleware',
 'scrapy.downloadermiddlewares.retry.RetryMiddleware',
 'scrapy.downloadermiddlewares.redirect.MetaRefreshMiddleware',
 'scrapy.downloadermiddlewares.httpcompression.HttpCompressionMiddleware',
 'scrapy.downloadermiddlewares.redirect.RedirectMiddleware',
 'scrapy.downloadermiddlewares.cookies.CookiesMiddleware',
 'scrapy.downloadermiddlewares.httpproxy.HttpProxyMiddleware',
 'scrapy.downloadermiddlewares.stats.DownloaderStats']
2019-02-06 18:47:05 [scrapy.middleware] INFO: Enabled spider middlewares:
['scrapy.spidermiddlewares.httperror.HttpErrorMiddleware',
 'scrapy.spidermiddlewares.offsite.OffsiteMiddleware',
 'scrapy.spidermiddlewares.referer.RefererMiddleware',
 'scrapy.spidermiddlewares.urllength.UrlLengthMiddleware',
 'scrapy.spidermiddlewares.depth.DepthMiddleware']
2019-02-06 18:47:05 [scrapy.middleware] INFO: Enabled item pipelines:
['meinr.pipelines.MeinrPipeline']
2019-02-06 18:47:05 [scrapy.core.engine] INFO: Spider opened
2019-02-06 18:47:05 [scrapy.extensions.logstats] INFO: Crawled 0 pages (at 0 pages/min), scraped 0 items (at 0 items/min)
2019-02-06 18:47:09 [scrapy.spidermiddlewares.httperror] INFO: Ignoring response <404 http://m.tupianzj.com/meinv/20190131/180409_1.html>: HTTP status code is not handled or not allowed
2019-02-06 18:47:09 [scrapy.spidermiddlewares.httperror] INFO: Ignoring response <404 http://m.tupianzj.com/meinv/20190131/180411_1.html>: HTTP status code is not handled or not allowed
2019-02-06 18:47:09 [scrapy.spidermiddlewares.httperror] INFO: Ignoring response <404 http://m.tupianzj.com/meinv/20190131/180410_1.html>: HTTP status code is not handled or not allowed
2019-02-06 18:47:09 [scrapy.spidermiddlewares.httperror] INFO: Ignoring response <404 http://m.tupianzj.com/meinv/20190130/180245_1.html>: HTTP status code is not handled or not allowed
2019-02-06 18:47:09 [scrapy.spidermiddlewares.httperror] INFO: Ignoring response <404 http://m.tupianzj.com/meinv/20190131/180357_1.html>: HTTP status code is not handled or not allowed
2019-02-06 18:47:09 [scrapy.spidermiddlewares.httperror] INFO: Ignoring response <404 http://m.tupianzj.com/meinv/20190130/180244_1.html>: HTTP status code is not handled or not allowed
2019-02-06 18:47:09 [scrapy.spidermiddlewares.httperror] INFO: Ignoring response <404 http://m.tupianzj.com/meinv/20190201/180594_1.html>: HTTP status code is not handled or not allowed
2019-02-06 18:47:10 [scrapy.spidermiddlewares.httperror] INFO: Ignoring response <404 http://m.tupianzj.com/meinv/20190131/180358_1.html>: HTTP status code is not handled or not allowed
2019-02-06 18:47:10 [scrapy.spidermiddlewares.httperror] INFO: Ignoring response <404 http://m.tupianzj.com/meinv/20190131/180413_1.html>: HTTP status code is not handled or not allowed
2019-02-06 18:47:10 [scrapy.spidermiddlewares.httperror] INFO: Ignoring response <404 http://m.tupianzj.com/meinv/20190131/180412_1.html>: HTTP status code is not handled or not allowed
2019-02-06 18:47:11 [scrapy.core.engine] INFO: Closing spider (finished)
2019-02-06 18:47:11 [scrapy.statscollectors] INFO: Dumping Scrapy stats:
{'downloader/request_bytes': 22662,
 'downloader/request_count': 61,
 'downloader/request_method_count/GET': 61,
 'downloader/response_bytes': 264706,
 'downloader/response_count': 61,
 'downloader/response_status_count/200': 51,
 'downloader/response_status_count/404': 10,
 'finish_reason': 'finished',
 'finish_time': datetime.datetime(2019, 2, 6, 10, 47, 11, 724000),
 'httperror/response_ignored_count': 10,
 'httperror/response_ignored_status_count/404': 10,
 'item_scraped_count': 40,
 'log_count/INFO': 17,
 'request_depth_max': 2,
 'response_received_count': 61,
 'scheduler/dequeued': 61,
 'scheduler/dequeued/memory': 61,
 'scheduler/enqueued': 61,
 'scheduler/enqueued/memory': 61,
 'start_time': datetime.datetime(2019, 2, 6, 10, 47, 5, 601200)}
2019-02-06 18:47:11 [scrapy.core.engine] INFO: Spider closed (finished)
